UpdateCTestConfiguration  from :/home/jdaehn/src/repos/msu/sp24/grading/scripts/lab01-csc232-student/cmake-build-debug/DartConfiguration.tcl
Parse Config file:/home/jdaehn/src/repos/msu/sp24/grading/scripts/lab01-csc232-student/cmake-build-debug/DartConfiguration.tcl
UpdateCTestConfiguration  from :/home/jdaehn/src/repos/msu/sp24/grading/scripts/lab01-csc232-student/cmake-build-debug/DartConfiguration.tcl
Parse Config file:/home/jdaehn/src/repos/msu/sp24/grading/scripts/lab01-csc232-student/cmake-build-debug/DartConfiguration.tcl
Test project /home/jdaehn/src/repos/msu/sp24/grading/scripts/lab01-csc232-student/cmake-build-debug
Constructing a list of tests
Done constructing a list of tests
Updating test list for fixtures
Added 0 tests to meet fixture requirements
Checking test dependency graph...
Checking test dependency graph end
test 1
    Start 1: Scenario: Evaluate Code for Task 1

1: Test command: /home/jdaehn/src/repos/msu/sp24/grading/scripts/lab01-csc232-student/cmake-build-debug/tests "Scenario: Evaluate Code for Task 1"
1: Test timeout computed to be: 1500
1: Filters: "Scenario: Evaluate Code for Task 1"
1: Randomness seeded to: 831691232
1: ===============================================================================
1: All tests passed (4 assertions in 1 test case)
1: 
1/1 Test #1: Scenario: Evaluate Code for Task 1 ...   Passed    0.00 sec

100% tests passed, 0 tests failed out of 1

Total Test time (real) =   0.01 sec
UpdateCTestConfiguration  from :/home/jdaehn/src/repos/msu/sp24/grading/scripts/lab01-csc232-student/cmake-build-debug/DartConfiguration.tcl
Parse Config file:/home/jdaehn/src/repos/msu/sp24/grading/scripts/lab01-csc232-student/cmake-build-debug/DartConfiguration.tcl
UpdateCTestConfiguration  from :/home/jdaehn/src/repos/msu/sp24/grading/scripts/lab01-csc232-student/cmake-build-debug/DartConfiguration.tcl
Parse Config file:/home/jdaehn/src/repos/msu/sp24/grading/scripts/lab01-csc232-student/cmake-build-debug/DartConfiguration.tcl
Test project /home/jdaehn/src/repos/msu/sp24/grading/scripts/lab01-csc232-student/cmake-build-debug
Constructing a list of tests
Done constructing a list of tests
Updating test list for fixtures
Added 0 tests to meet fixture requirements
Checking test dependency graph...
Checking test dependency graph end
test 1
    Start 1: Scenario: Evaluate Code for Task 1

1: Test command: /home/jdaehn/src/repos/msu/sp24/grading/scripts/lab01-csc232-student/cmake-build-debug/tests "Scenario: Evaluate Code for Task 1"
1: Test timeout computed to be: 1500
1: Filters: "Scenario: Evaluate Code for Task 1"
1: Randomness seeded to: 4280061855
1: ===============================================================================
1: All tests passed (4 assertions in 1 test case)
1: 
1/1 Test #1: Scenario: Evaluate Code for Task 1 ...   Passed    0.00 sec

100% tests passed, 0 tests failed out of 1

Total Test time (real) =   0.00 sec
UpdateCTestConfiguration  from :/home/jdaehn/src/repos/msu/sp24/grading/scripts/lab01-csc232-student/cmake-build-debug/DartConfiguration.tcl
Parse Config file:/home/jdaehn/src/repos/msu/sp24/grading/scripts/lab01-csc232-student/cmake-build-debug/DartConfiguration.tcl
UpdateCTestConfiguration  from :/home/jdaehn/src/repos/msu/sp24/grading/scripts/lab01-csc232-student/cmake-build-debug/DartConfiguration.tcl
Parse Config file:/home/jdaehn/src/repos/msu/sp24/grading/scripts/lab01-csc232-student/cmake-build-debug/DartConfiguration.tcl
Test project /home/jdaehn/src/repos/msu/sp24/grading/scripts/lab01-csc232-student/cmake-build-debug
Constructing a list of tests
Done constructing a list of tests
Updating test list for fixtures
Added 0 tests to meet fixture requirements
Checking test dependency graph...
Checking test dependency graph end
test 1
    Start 1: Scenario: Evaluate Code for Task 1

1: Test command: /home/jdaehn/src/repos/msu/sp24/grading/scripts/lab01-csc232-student/cmake-build-debug/tests "Scenario: Evaluate Code for Task 1"
1: Test timeout computed to be: 1500
1: Filters: "Scenario: Evaluate Code for Task 1"
1: Randomness seeded to: 1884500803
1: ===============================================================================
1: All tests passed (4 assertions in 1 test case)
1: 
1/1 Test #1: Scenario: Evaluate Code for Task 1 ...   Passed    0.00 sec

100% tests passed, 0 tests failed out of 1

Total Test time (real) =   0.01 sec
UpdateCTestConfiguration  from :/home/jdaehn/src/repos/msu/sp24/grading/scripts/lab01-csc232-student/cmake-build-debug/DartConfiguration.tcl
Parse Config file:/home/jdaehn/src/repos/msu/sp24/grading/scripts/lab01-csc232-student/cmake-build-debug/DartConfiguration.tcl
UpdateCTestConfiguration  from :/home/jdaehn/src/repos/msu/sp24/grading/scripts/lab01-csc232-student/cmake-build-debug/DartConfiguration.tcl
Parse Config file:/home/jdaehn/src/repos/msu/sp24/grading/scripts/lab01-csc232-student/cmake-build-debug/DartConfiguration.tcl
Test project /home/jdaehn/src/repos/msu/sp24/grading/scripts/lab01-csc232-student/cmake-build-debug
Constructing a list of tests
Done constructing a list of tests
Updating test list for fixtures
Added 0 tests to meet fixture requirements
Checking test dependency graph...
Checking test dependency graph end
test 1
    Start 1: Scenario: Evaluate Code for Task 1

1: Test command: /home/jdaehn/src/repos/msu/sp24/grading/scripts/lab01-csc232-student/cmake-build-debug/tests "Scenario: Evaluate Code for Task 1"
1: Test timeout computed to be: 1500
1: Filters: "Scenario: Evaluate Code for Task 1"
1: Randomness seeded to: 3961083579
1: ===============================================================================
1: All tests passed (4 assertions in 1 test case)
1: 
1/1 Test #1: Scenario: Evaluate Code for Task 1 ...   Passed    0.00 sec

100% tests passed, 0 tests failed out of 1

Total Test time (real) =   0.00 sec
